2020-06-15 09:37:17,553 INFO  [com.btmgcs.BTMEmployeeManagement.main.MainApplication] >>>> +[run] START
2020-06-17 09:24:45,184 INFO  [btm.Employee.Management.main.MainApplication] >>>> +[run] START
2020-06-17 09:24:45,187 INFO  [btm.Employee.Management.methods.Methods] >>>>>> +[startdataValidationN] START
2020-06-17 09:24:45,189 INFO  [btm.Employee.Management.methods.Methods] >>>>>> +[startdataValidationN] END
2020-06-17 09:24:45,190 INFO  [btm.Employee.Management.main.MainApplication] >>>> +[run] End
2020-06-17 09:28:47,019 INFO  [btm.Employee.Management.main.MainApplication] >>>> +[run] START
2020-06-17 09:28:47,021 INFO  [btm.Employee.Management.methods.Methods] >>>>>> +[startdataValidationN] START
2020-06-17 09:28:47,022 INFO  [btm.Employee.Management.methods.Methods] >>>>>> +[startdataValidationN] END
2020-06-17 09:28:47,026 INFO  [btm.Employee.Management.methods.Methods] >>>>>> +[startdataValidationN] START
2020-06-17 09:28:47,026 INFO  [btm.Employee.Management.methods.Methods] >>>>>> +[startdataValidationN] END
2020-06-17 09:28:47,026 INFO  [btm.Employee.Management.main.MainApplication] >>>> +[run] End
2020-06-17 09:29:00,001 INFO  [btm.Employee.Management.main.MainApplication] >>>> +[run] START
2020-06-17 09:29:00,004 INFO  [btm.Employee.Management.methods.Methods] >>>>>> +[startdataValidationN] START
2020-06-17 09:29:00,006 INFO  [btm.Employee.Management.methods.Methods] >>>>>> +[startdataValidationN] END
2020-06-17 09:29:00,006 INFO  [btm.Employee.Management.methods.Methods] >>>>>> +[startdataValidationN] START
2020-06-17 09:29:00,006 INFO  [btm.Employee.Management.methods.Methods] >>>>>> +[startdataValidationN] END
2020-06-17 09:29:00,007 INFO  [btm.Employee.Management.main.MainApplication] >>>> +[run] End
2020-06-17 09:29:35,752 INFO  [btm.Employee.Management.main.MainApplication] >>>> +[run] START
2020-06-17 09:29:35,754 INFO  [btm.Employee.Management.methods.Methods] >>>>>> +[startdataValidationN] START
2020-06-17 09:29:35,754 INFO  [btm.Employee.Management.methods.Methods] >>>>>> +[startdataValidationN] END
2020-06-17 09:29:35,754 INFO  [btm.Employee.Management.methods.Methods] >>>>>> +[startdataValidationN] START
2020-06-17 09:29:35,755 INFO  [btm.Employee.Management.methods.Methods] >>>>>> +[startdataValidationN] END
2020-06-17 09:29:35,755 INFO  [btm.Employee.Management.main.MainApplication] >>>> +[run] End
2020-06-17 09:29:58,504 INFO  [btm.Employee.Management.main.MainApplication] >>>> +[run] START
2020-06-17 09:29:58,506 INFO  [btm.Employee.Management.methods.Methods] >>>>>> +[startdataValidationN] START
2020-06-17 09:29:58,506 INFO  [btm.Employee.Management.methods.Methods] >>>>>> +[startdataValidationN] END
2020-06-17 09:29:58,506 INFO  [btm.Employee.Management.methods.Methods] >>>>>> +[startdataValidationN] START
2020-06-17 09:29:58,507 INFO  [btm.Employee.Management.methods.Methods] >>>>>> +[startdataValidationN] END
2020-06-17 09:29:58,507 INFO  [btm.Employee.Management.main.MainApplication] >>>> +[run] End
2020-06-17 09:54:09,224 INFO  [btm.Employee.Management.main.MainApplication] >>>> +[run] START
2020-06-17 09:54:09,225 INFO  [btm.Employee.Management.methods.Methods] >>>>>> +[startdataValidationN] START
2020-06-17 09:54:09,226 INFO  [btm.Employee.Management.methods.Methods] >>>>>> +[startdataValidationN] END
2020-06-17 09:54:09,226 INFO  [btm.Employee.Management.main.MainApplication] >>>> +[run] End
2020-06-17 09:54:30,357 INFO  [btm.Employee.Management.main.MainApplication] >>>> +[run] START
2020-06-17 09:54:30,359 INFO  [btm.Employee.Management.methods.Methods] >>>>>> +[startdataValidationN] START
2020-06-17 09:54:30,359 INFO  [btm.Employee.Management.methods.Methods] >>>>>> +[startdataValidationN] END
2020-06-17 09:54:30,359 INFO  [btm.Employee.Management.main.MainApplication] >>>> +[run] End
2020-06-17 13:26:12,749 INFO  [btm.Employee.Management.main.MainApplication] >>>> +[run] START
2020-06-17 13:26:12,751 INFO  [btm.Employee.Management.main.MainApplication] >>>> +[run] End
2020-06-17 13:27:03,535 INFO  [btm.Employee.Management.main.MainApplication] >>>> +[run] START
2020-06-17 13:27:03,540 INFO  [btm.Employee.Management.main.MainApplication] >>>> +[run] End
2020-06-17 13:27:46,149 INFO  [btm.Employee.Management.main.MainApplication] >>>> +[run] START
2020-06-17 13:27:46,152 INFO  [btm.Employee.Management.main.MainApplication] >>>> +[run] End
2020-06-17 13:28:32,251 INFO  [btm.Employee.Management.main.MainApplication] >>>> +[run] START
2020-06-17 13:28:32,253 INFO  [btm.Employee.Management.main.MainApplication] >>>> +[run] End
2020-06-17 13:40:33,462 INFO  [btm.Employee.Management.main.MainApplication] >>>> +[run] START
2020-06-17 13:40:33,464 INFO  [btm.Employee.Management.main.MainApplication] >>>> +[run] End
2020-06-17 14:36:00,424 INFO  [btm.Employee.Management.main.MainApplication] >>>> +[run] START
2020-06-17 14:39:14,526 INFO  [btm.Employee.Management.main.MainApplication] >>>> +[run] START
2020-06-17 14:45:15,196 INFO  [btm.Employee.Management.main.MainApplication] >>>> +[run] START
2020-06-17 14:46:22,620 INFO  [btm.Employee.Management.main.MainApplication] >>>> +[run] START
2020-06-17 14:47:54,543 INFO  [btm.Employee.Management.main.MainApplication] >>>> +[run] START
2020-06-17 14:53:19,253 INFO  [btm.Employee.Management.main.MainApplication] >>>> +[run] START
2020-06-17 14:55:05,625 INFO  [btm.Employee.Management.main.MainApplication] >>>> +[run] START
2020-06-17 15:06:39,126 INFO  [btm.Employee.Management.main.MainApplication] >>>> +[run] START
2020-06-17 15:07:18,757 INFO  [btm.Employee.Management.main.MainApplication] >>>> +[run] START
2020-06-17 15:37:37,742 INFO  [btm.Employee.Management.main.MainApplication] >>>> +[run] START
2020-06-17 15:37:37,917 INFO  [btm.Employee.Management.main.MainApplication] >>>> +[run] START
2020-06-17 15:37:37,998 INFO  [btm.Employee.Management.main.MainApplication] >>>> +[run] START
2020-06-17 15:37:38,071 INFO  [btm.Employee.Management.main.MainApplication] >>>> +[run] START
2020-06-17 15:37:38,124 INFO  [btm.Employee.Management.main.MainApplication] >>>> +[run] START
2020-06-17 15:37:38,155 INFO  [btm.Employee.Management.main.MainApplication] >>>> +[run] START
2020-06-17 15:37:38,571 INFO  [btm.Employee.Management.main.MainApplication] >>>> +[run] START
2020-06-17 15:46:53,210 INFO  [btm.Employee.Management.main.MainApplication] >>>> +[run] START
2020-06-17 15:48:19,781 INFO  [btm.Employee.Management.main.MainApplication] >>>> +[run] START
2020-06-17 15:48:59,732 INFO  [btm.Employee.Management.main.MainApplication] >>>> +[run] START
2020-06-17 15:49:47,475 INFO  [btm.Employee.Management.main.MainApplication] >>>> +[run] START
2020-06-17 15:52:01,926 INFO  [btm.Employee.Management.main.MainApplication] >>>> +[run] START
2020-06-17 15:52:01,929 INFO  [btm.Employee.Management.main.MainApplication] >>>> +[run] End
2020-06-17 15:52:45,961 INFO  [btm.Employee.Management.main.MainApplication] >>>> +[run] START
2020-06-17 15:52:45,976 INFO  [btm.Employee.Management.main.MainApplication] >>>> +[run] End
2020-06-17 15:53:21,477 INFO  [btm.Employee.Management.main.MainApplication] >>>> +[run] START
2020-06-17 15:53:21,495 INFO  [btm.Employee.Management.main.MainApplication] >>>> +[run] End
2020-06-17 15:54:37,761 INFO  [btm.Employee.Management.main.MainApplication] >>>> +[run] START
2020-06-17 15:54:37,786 INFO  [btm.Employee.Management.main.MainApplication] >>>> +[run] End
2020-06-17 15:54:59,264 INFO  [btm.Employee.Management.main.MainApplication] >>>> +[run] START
2020-06-17 15:54:59,281 INFO  [btm.Employee.Management.main.MainApplication] >>>> +[run] End
2020-06-17 15:55:36,915 INFO  [btm.Employee.Management.main.MainApplication] >>>> +[run] START
2020-06-17 15:55:36,931 INFO  [btm.Employee.Management.main.MainApplication] >>>> +[run] End
2020-06-17 15:56:21,049 INFO  [btm.Employee.Management.main.MainApplication] >>>> +[run] START
2020-06-17 15:56:21,064 INFO  [btm.Employee.Management.main.MainApplication] >>>> +[run] End
2020-06-17 15:56:52,174 INFO  [btm.Employee.Management.main.MainApplication] >>>> +[run] START
2020-06-17 15:56:52,193 INFO  [btm.Employee.Management.main.MainApplication] >>>> +[run] End
2020-06-17 16:00:17,118 INFO  [btm.Employee.Management.main.MainApplication] >>>> +[run] START
2020-06-17 16:00:41,408 INFO  [btm.Employee.Management.main.MainApplication] >>>> +[run] START
2020-06-17 16:01:14,463 INFO  [btm.Employee.Management.main.MainApplication] >>>> +[run] START
2020-06-17 16:01:14,484 INFO  [btm.Employee.Management.main.MainApplication] >>>> +[run] End
2020-06-17 16:02:35,408 INFO  [btm.Employee.Management.main.MainApplication] >>>> +[run] START
2020-06-17 16:02:50,125 INFO  [btm.Employee.Management.main.MainApplication] >>>> +[run] START
2020-06-17 16:03:22,855 INFO  [btm.Employee.Management.main.MainApplication] >>>> +[run] START
2020-06-17 16:03:22,879 INFO  [btm.Employee.Management.main.MainApplication] >>>> +[run] End
2020-06-17 16:06:23,884 INFO  [btm.Employee.Management.main.MainApplication] >>>> +[run] START
2020-06-17 16:06:57,790 INFO  [btm.Employee.Management.main.MainApplication] >>>> +[run] START
2020-06-17 16:06:57,818 INFO  [btm.Employee.Management.main.MainApplication] >>>> +[run] End
2020-06-17 16:07:10,664 INFO  [btm.Employee.Management.main.MainApplication] >>>> +[run] START
2020-06-17 16:07:10,687 INFO  [btm.Employee.Management.main.MainApplication] >>>> +[run] End
2020-06-17 16:08:29,094 INFO  [btm.Employee.Management.main.MainApplication] >>>> +[run] START
2020-06-17 16:09:07,913 INFO  [btm.Employee.Management.main.MainApplication] >>>> +[run] START
2020-06-17 16:09:07,950 INFO  [btm.Employee.Management.main.MainApplication] >>>> +[run] End
2020-06-17 16:10:30,074 INFO  [btm.Employee.Management.main.MainApplication] >>>> +[run] START
2020-06-17 16:10:30,098 INFO  [btm.Employee.Management.main.MainApplication] >>>> +[run] End
2020-06-17 16:20:09,290 INFO  [btm.Employee.Management.main.MainApplication] >>>> +[run] START
2020-06-17 16:20:09,356 INFO  [btm.Employee.Management.main.MainApplication] >>>> +[run] End
2020-06-17 16:22:03,882 INFO  [btm.Employee.Management.main.MainApplication] >>>> +[run] START
2020-06-17 16:23:26,625 INFO  [btm.Employee.Management.main.MainApplication] >>>> +[run] START
2020-06-17 16:25:12,519 INFO  [btm.Employee.Management.main.MainApplication] >>>> +[run] START
2020-06-17 16:25:47,394 INFO  [btm.Employee.Management.main.MainApplication] >>>> +[run] START
2020-06-17 16:26:13,963 INFO  [btm.Employee.Management.main.MainApplication] >>>> +[run] START
2020-06-17 16:26:13,997 INFO  [btm.Employee.Management.main.MainApplication] >>>> +[run] End
2020-06-17 16:28:00,893 INFO  [btm.Employee.Management.main.MainApplication] >>>> +[run] START
2020-06-17 16:28:00,953 INFO  [btm.Employee.Management.main.MainApplication] >>>> +[run] End
2020-06-17 16:29:54,939 INFO  [btm.Employee.Management.main.MainApplication] >>>> +[run] START
2020-06-17 16:29:54,997 INFO  [btm.Employee.Management.main.MainApplication] >>>> +[run] End
2020-06-17 16:30:29,501 INFO  [btm.Employee.Management.main.MainApplication] >>>> +[run] START
2020-06-17 16:30:29,571 INFO  [btm.Employee.Management.main.MainApplication] >>>> +[run] End
2020-06-17 16:31:00,123 INFO  [btm.Employee.Management.main.MainApplication] >>>> +[run] START
2020-06-17 16:31:00,167 INFO  [btm.Employee.Management.main.MainApplication] >>>> +[run] End
2020-06-17 16:31:51,435 INFO  [btm.Employee.Management.main.MainApplication] >>>> +[run] START
2020-06-17 16:31:51,471 INFO  [btm.Employee.Management.main.MainApplication] >>>> +[run] End
2020-06-17 16:32:52,202 INFO  [btm.Employee.Management.main.MainApplication] >>>> +[run] START
2020-06-17 16:32:52,261 INFO  [btm.Employee.Management.main.MainApplication] >>>> +[run] End
2020-06-17 16:33:03,356 INFO  [btm.Employee.Management.main.MainApplication] >>>> +[run] START
2020-06-17 16:33:03,395 INFO  [btm.Employee.Management.main.MainApplication] >>>> +[run] End
2020-06-17 16:37:23,604 INFO  [btm.Employee.Management.main.MainApplication] >>>> +[run] START
2020-06-17 16:37:23,674 INFO  [btm.Employee.Management.main.MainApplication] >>>> +[run] End
2020-06-17 16:37:52,952 INFO  [btm.Employee.Management.main.MainApplication] >>>> +[run] START
2020-06-17 16:37:52,991 INFO  [btm.Employee.Management.main.MainApplication] >>>> +[run] End
2020-06-17 16:38:13,324 INFO  [btm.Employee.Management.main.MainApplication] >>>> +[run] START
2020-06-17 16:38:13,378 INFO  [btm.Employee.Management.main.MainApplication] >>>> +[run] End
2020-06-17 16:39:57,277 INFO  [btm.Employee.Management.main.MainApplication] >>>> +[run] START
2020-06-17 16:39:57,318 INFO  [btm.Employee.Management.main.MainApplication] >>>> +[run] End
2020-06-17 16:41:24,162 INFO  [btm.Employee.Management.main.MainApplication] >>>> +[run] START
2020-06-17 16:41:24,199 INFO  [btm.Employee.Management.main.MainApplication] >>>> +[run] End
2020-06-17 16:45:58,761 INFO  [btm.Employee.Management.main.MainApplication] >>>> +[run] START
2020-06-17 16:45:58,797 INFO  [btm.Employee.Management.main.MainApplication] >>>> +[run] End
2020-06-18 16:41:01,600 INFO  [btm.employee.management.main.MainApplication] >>>> +[run] START
2020-06-18 16:41:01,679 INFO  [btm.employee.management.main.MainApplication] >>>> +[run] End
2020-06-18 16:44:13,686 INFO  [btm.employee.management.main.MainApplication] >>>> +[run] START
2020-06-18 16:44:13,719 INFO  [btm.employee.management.main.MainApplication] >>>> +[run] End
2020-06-18 16:44:59,636 INFO  [btm.employee.management.main.MainApplication] >>>> +[run] START
2020-06-18 16:44:59,657 INFO  [btm.employee.management.main.MainApplication] >>>> +[run] End
2020-06-19 09:02:13,423 INFO  [btm.employee.management.main.MainApplication] >>>> +[run] START Main Method <<<<
2020-06-19 09:02:13,423 INFO  [btm.employee.management.main.MainApplication] >>>> +[run] START readAndsortFile Method <<<<
2020-06-19 09:02:13,447 INFO  [btm.employee.management.main.MainApplication] >>>> +[run] END readAndsortFile Method <<<<
2020-06-19 09:02:13,447 INFO  [btm.employee.management.main.MainApplication] >>>> +[run] START exportFails Method <<<<
2020-06-19 09:02:13,448 INFO  [btm.employee.management.main.MainApplication] >>>> +[run] END exportFails Method <<<<
2020-06-19 09:02:13,448 INFO  [btm.employee.management.main.MainApplication] >>>> +[run] START exportSuccess Method <<<<
2020-06-19 09:02:13,448 INFO  [btm.employee.management.main.MainApplication] >>>> +[run] START exportSuccess Method <<<<
2020-06-19 09:02:13,448 INFO  [btm.employee.management.main.MainApplication] >>>> +[run] End Main Method <<<<
2020-06-19 14:23:00,220 INFO  [btm.employee.management.main.MainApplication] >>>> +[run] START Main Method <<<<
2020-06-19 14:23:00,221 INFO  [btm.employee.management.main.MainApplication] >>>> +[run] START readAndsortFile Method <<<<
2020-06-19 14:23:00,261 INFO  [btm.employee.management.methods.Methods] >>>>>> +[generateEMPclasses] START <<<<<
2020-06-19 14:23:00,261 INFO  [btm.employee.management.methods.Methods] >>>>>> +[generateEMPclasses] END <<<<<
2020-06-19 14:23:00,261 INFO  [btm.employee.management.methods.Methods] >>>>>> +[generateEMPclasses] START <<<<<
2020-06-19 14:23:00,261 INFO  [btm.employee.management.methods.Methods] >>>>>> +[generateEMPclasses] END <<<<<
2020-06-19 14:23:00,262 INFO  [btm.employee.management.methods.Methods] >>>>>> +[generateEMPclasses] START <<<<<
2020-06-19 14:23:00,262 INFO  [btm.employee.management.methods.Methods] >>>>>> +[generateEMPclasses] END <<<<<
2020-06-19 14:23:00,262 INFO  [btm.employee.management.methods.Methods] >>>>>> +[generateEMPclasses] START <<<<<
2020-06-19 14:23:00,262 INFO  [btm.employee.management.methods.Methods] >>>>>> +[generateEMPclasses] END <<<<<
2020-06-19 14:23:00,262 INFO  [btm.employee.management.methods.Methods] >>>>>> +[generateEMPclasses] START <<<<<
2020-06-19 14:23:00,262 INFO  [btm.employee.management.methods.Methods] >>>>>> +[generateEMPclasses] END <<<<<
2020-06-19 14:23:00,262 INFO  [btm.employee.management.main.MainApplication] >>>> +[run] END readAndsortFile Method <<<<
2020-06-19 14:23:00,262 INFO  [btm.employee.management.main.MainApplication] >>>> +[run] START exportFails Method <<<<
2020-06-19 14:23:00,265 INFO  [btm.employee.management.main.MainApplication] >>>> +[run] END exportFails Method <<<<
2020-06-19 14:23:00,265 INFO  [btm.employee.management.main.MainApplication] >>>> +[run] START exportSuccess Method <<<<
2020-06-19 14:23:00,265 INFO  [btm.employee.management.main.MainApplication] >>>> +[run] START exportSuccess Method <<<<
2020-06-19 14:23:00,266 INFO  [btm.employee.management.main.MainApplication] >>>> +[run] End Main Method <<<<
2020-06-19 14:24:58,312 INFO  [btm.employee.management.main.MainApplication] >>>> +[run] START Main Method <<<<
2020-06-19 14:24:58,312 INFO  [btm.employee.management.main.MainApplication] >>>> +[run] START readAndsortFile Method <<<<
2020-06-19 14:24:58,329 INFO  [btm.employee.management.methods.Methods] >>>>>> +[generateEMPclasses] START <<<<<
2020-06-19 14:24:58,329 INFO  [btm.employee.management.methods.Methods] >>>>>> +[generateEMPclasses] END <<<<<
2020-06-19 14:24:58,330 INFO  [btm.employee.management.methods.Methods] >>>>>> +[generateEMPclasses] START <<<<<
2020-06-19 14:24:58,330 INFO  [btm.employee.management.methods.Methods] >>>>>> +[generateEMPclasses] END <<<<<
2020-06-19 14:24:58,330 INFO  [btm.employee.management.methods.Methods] >>>>>> +[generateEMPclasses] START <<<<<
2020-06-19 14:24:58,330 INFO  [btm.employee.management.methods.Methods] >>>>>> +[generateEMPclasses] END <<<<<
2020-06-19 14:24:58,330 INFO  [btm.employee.management.methods.Methods] >>>>>> +[generateEMPclasses] START <<<<<
2020-06-19 14:24:58,330 INFO  [btm.employee.management.methods.Methods] >>>>>> +[generateEMPclasses] END <<<<<
2020-06-19 14:24:58,330 INFO  [btm.employee.management.methods.Methods] >>>>>> +[generateEMPclasses] START <<<<<
2020-06-19 14:24:58,330 INFO  [btm.employee.management.methods.Methods] >>>>>> +[generateEMPclasses] END <<<<<
2020-06-19 14:24:58,331 INFO  [btm.employee.management.main.MainApplication] >>>> +[run] END readAndsortFile Method <<<<
2020-06-19 14:24:58,331 INFO  [btm.employee.management.main.MainApplication] >>>> +[run] START exportFails Method <<<<
2020-06-19 14:24:58,331 INFO  [btm.employee.management.main.MainApplication] >>>> +[run] END exportFails Method <<<<
2020-06-19 14:24:58,331 INFO  [btm.employee.management.main.MainApplication] >>>> +[run] START exportSuccess Method <<<<
2020-06-19 14:24:58,331 INFO  [btm.employee.management.main.MainApplication] >>>> +[run] START exportSuccess Method <<<<
2020-06-19 14:24:58,332 INFO  [btm.employee.management.main.MainApplication] >>>> +[run] End Main Method <<<<
2020-06-19 14:30:36,376 INFO  [btm.employee.management.main.MainApplication] >>>> +[run] START Main Method <<<<
2020-06-19 14:30:36,376 INFO  [btm.employee.management.main.MainApplication] >>>> +[run] START readAndsortFile Method <<<<
2020-06-19 14:30:36,394 INFO  [btm.employee.management.methods.Methods] >>>>>> +[generateEMPclasses] START <<<<<
2020-06-19 14:30:36,394 INFO  [btm.employee.management.methods.Methods] >>>>>> +[generateEMPclasses] END <<<<<
2020-06-19 14:30:36,394 INFO  [btm.employee.management.methods.Methods] >>>>>> +[generateEMPclasses] START <<<<<
2020-06-19 14:30:36,394 INFO  [btm.employee.management.methods.Methods] >>>>>> +[generateEMPclasses] END <<<<<
2020-06-19 14:30:36,395 INFO  [btm.employee.management.methods.Methods] >>>>>> +[generateEMPclasses] START <<<<<
2020-06-19 14:30:36,395 INFO  [btm.employee.management.methods.Methods] >>>>>> +[generateEMPclasses] END <<<<<
2020-06-19 14:30:36,395 INFO  [btm.employee.management.methods.Methods] >>>>>> +[generateEMPclasses] START <<<<<
2020-06-19 14:30:36,395 INFO  [btm.employee.management.methods.Methods] >>>>>> +[generateEMPclasses] END <<<<<
2020-06-19 14:30:36,395 INFO  [btm.employee.management.methods.Methods] >>>>>> +[generateEMPclasses] START <<<<<
2020-06-19 14:30:36,395 INFO  [btm.employee.management.methods.Methods] >>>>>> +[generateEMPclasses] END <<<<<
2020-06-19 14:30:36,395 INFO  [btm.employee.management.main.MainApplication] >>>> +[run] END readAndsortFile Method <<<<
2020-06-19 14:30:36,395 INFO  [btm.employee.management.main.MainApplication] >>>> +[run] START exportFails Method <<<<
2020-06-19 14:30:36,396 INFO  [btm.employee.management.main.MainApplication] >>>> +[run] END exportFails Method <<<<
2020-06-19 14:30:36,396 INFO  [btm.employee.management.main.MainApplication] >>>> +[run] START exportSuccess Method <<<<
2020-06-19 14:30:36,396 INFO  [btm.employee.management.main.MainApplication] >>>> +[run] START exportSuccess Method <<<<
2020-06-19 14:30:36,396 INFO  [btm.employee.management.main.MainApplication] >>>> +[run] End Main Method <<<<
2020-06-19 14:31:56,165 INFO  [btm.employee.management.main.MainApplication] >>>> +[run] START Main Method <<<<
2020-06-19 14:31:56,165 INFO  [btm.employee.management.main.MainApplication] >>>> +[run] START readAndsortFile Method <<<<
2020-06-19 14:31:56,182 INFO  [btm.employee.management.methods.Methods] >>>>>> +[generateEMPclasses] START <<<<<
2020-06-19 14:31:56,183 INFO  [btm.employee.management.methods.Methods] >>>>>> +[generateEMPclasses] END <<<<<
2020-06-19 14:31:56,183 INFO  [btm.employee.management.methods.Methods] >>>>>> +[generateEMPclasses] START <<<<<
2020-06-19 14:31:56,183 INFO  [btm.employee.management.methods.Methods] >>>>>> +[generateEMPclasses] END <<<<<
2020-06-19 14:31:56,183 INFO  [btm.employee.management.methods.Methods] >>>>>> +[generateEMPclasses] START <<<<<
2020-06-19 14:31:56,183 INFO  [btm.employee.management.methods.Methods] >>>>>> +[generateEMPclasses] END <<<<<
2020-06-19 14:31:56,183 INFO  [btm.employee.management.methods.Methods] >>>>>> +[generateEMPclasses] START <<<<<
2020-06-19 14:31:56,183 INFO  [btm.employee.management.methods.Methods] >>>>>> +[generateEMPclasses] END <<<<<
2020-06-19 14:31:56,184 INFO  [btm.employee.management.methods.Methods] >>>>>> +[generateEMPclasses] START <<<<<
2020-06-19 14:31:56,184 INFO  [btm.employee.management.methods.Methods] >>>>>> +[generateEMPclasses] END <<<<<
2020-06-19 14:31:56,184 INFO  [btm.employee.management.main.MainApplication] >>>> +[run] END readAndsortFile Method <<<<
2020-06-19 14:31:56,184 INFO  [btm.employee.management.main.MainApplication] >>>> +[run] START exportFails Method <<<<
2020-06-19 14:31:56,184 INFO  [btm.employee.management.main.MainApplication] >>>> +[run] END exportFails Method <<<<
2020-06-19 14:31:56,185 INFO  [btm.employee.management.main.MainApplication] >>>> +[run] START exportSuccess Method <<<<
2020-06-19 14:31:56,185 INFO  [btm.employee.management.main.MainApplication] >>>> +[run] START exportSuccess Method <<<<
2020-06-19 14:31:56,185 INFO  [btm.employee.management.main.MainApplication] >>>> +[run] End Main Method <<<<
2020-06-19 14:35:24,825 INFO  [btm.employee.management.main.MainApplication] >>>> +[run] START Main Method <<<<
2020-06-19 14:35:24,825 INFO  [btm.employee.management.main.MainApplication] >>>> +[run] START readAndsortFile Method <<<<
2020-06-19 14:35:24,842 INFO  [btm.employee.management.methods.Methods] >>>>>> +[generateEMPclasses] START <<<<<
2020-06-19 14:35:24,842 INFO  [btm.employee.management.methods.Methods] >>>>>> +[generateEMPclasses] END <<<<<
2020-06-19 14:35:24,843 INFO  [btm.employee.management.methods.Methods] >>>>>> +[generateEMPclasses] START <<<<<
2020-06-19 14:35:24,843 INFO  [btm.employee.management.methods.Methods] >>>>>> +[generateEMPclasses] END <<<<<
2020-06-19 14:35:24,843 INFO  [btm.employee.management.methods.Methods] >>>>>> +[generateEMPclasses] START <<<<<
2020-06-19 14:35:24,843 INFO  [btm.employee.management.methods.Methods] >>>>>> +[generateEMPclasses] END <<<<<
2020-06-19 14:35:24,843 INFO  [btm.employee.management.methods.Methods] >>>>>> +[generateEMPclasses] START <<<<<
2020-06-19 14:35:24,843 INFO  [btm.employee.management.methods.Methods] >>>>>> +[generateEMPclasses] END <<<<<
2020-06-19 14:35:24,843 INFO  [btm.employee.management.methods.Methods] >>>>>> +[generateEMPclasses] START <<<<<
2020-06-19 14:35:24,843 INFO  [btm.employee.management.methods.Methods] >>>>>> +[generateEMPclasses] END <<<<<
2020-06-19 14:35:24,843 INFO  [btm.employee.management.methods.Methods] >>>>>> +[generateEMPclasses] START <<<<<
2020-06-19 14:35:24,843 INFO  [btm.employee.management.methods.Methods] >>>>>> +[generateEMPclasses] END <<<<<
2020-06-19 14:35:24,844 INFO  [btm.employee.management.main.MainApplication] >>>> +[run] END readAndsortFile Method <<<<
2020-06-19 14:35:24,844 INFO  [btm.employee.management.main.MainApplication] >>>> +[run] START exportFails Method <<<<
2020-06-19 14:35:24,844 INFO  [btm.employee.management.main.MainApplication] >>>> +[run] END exportFails Method <<<<
2020-06-19 14:35:24,844 INFO  [btm.employee.management.main.MainApplication] >>>> +[run] START exportSuccess Method <<<<
2020-06-19 14:35:24,845 INFO  [btm.employee.management.main.MainApplication] >>>> +[run] START exportSuccess Method <<<<
2020-06-19 14:35:24,845 INFO  [btm.employee.management.main.MainApplication] >>>> +[run] End Main Method <<<<
2020-06-19 14:36:33,922 INFO  [btm.employee.management.main.MainApplication] >>>> +[run] START Main Method <<<<
2020-06-19 14:36:33,922 INFO  [btm.employee.management.main.MainApplication] >>>> +[run] START readAndsortFile Method <<<<
2020-06-19 14:36:33,946 INFO  [btm.employee.management.methods.Methods] >>>>>> +[generateEMPclasses] START <<<<<
2020-06-19 14:36:33,947 INFO  [btm.employee.management.methods.Methods] >>>>>> +[generateEMPclasses] END <<<<<
2020-06-19 14:36:33,947 INFO  [btm.employee.management.methods.Methods] >>>>>> +[generateEMPclasses] START <<<<<
2020-06-19 14:36:33,947 INFO  [btm.employee.management.methods.Methods] >>>>>> +[generateEMPclasses] END <<<<<
2020-06-19 14:36:33,947 INFO  [btm.employee.management.methods.Methods] >>>>>> +[generateEMPclasses] START <<<<<
2020-06-19 14:36:33,948 INFO  [btm.employee.management.methods.Methods] >>>>>> +[generateEMPclasses] END <<<<<
2020-06-19 14:36:33,948 INFO  [btm.employee.management.methods.Methods] >>>>>> +[generateEMPclasses] START <<<<<
2020-06-19 14:36:33,948 INFO  [btm.employee.management.methods.Methods] >>>>>> +[generateEMPclasses] END <<<<<
2020-06-19 14:36:33,948 INFO  [btm.employee.management.methods.Methods] >>>>>> +[generateEMPclasses] START <<<<<
2020-06-19 14:36:33,948 INFO  [btm.employee.management.methods.Methods] >>>>>> +[generateEMPclasses] END <<<<<
2020-06-19 14:36:33,948 INFO  [btm.employee.management.methods.Methods] >>>>>> +[generateEMPclasses] START <<<<<
2020-06-19 14:36:33,948 INFO  [btm.employee.management.methods.Methods] >>>>>> +[generateEMPclasses] END <<<<<
2020-06-19 14:36:33,948 INFO  [btm.employee.management.methods.Methods] >>>>>> +[generateEMPclasses] START <<<<<
2020-06-19 14:36:33,948 INFO  [btm.employee.management.methods.Methods] >>>>>> +[generateEMPclasses] END <<<<<
2020-06-19 14:36:33,949 INFO  [btm.employee.management.main.MainApplication] >>>> +[run] END readAndsortFile Method <<<<
2020-06-19 14:36:33,949 INFO  [btm.employee.management.main.MainApplication] >>>> +[run] START exportFails Method <<<<
2020-06-19 14:36:33,949 INFO  [btm.employee.management.main.MainApplication] >>>> +[run] END exportFails Method <<<<
2020-06-19 14:36:33,950 INFO  [btm.employee.management.main.MainApplication] >>>> +[run] START exportSuccess Method <<<<
2020-06-19 14:36:33,950 INFO  [btm.employee.management.main.MainApplication] >>>> +[run] START exportSuccess Method <<<<
2020-06-19 14:36:33,950 INFO  [btm.employee.management.main.MainApplication] >>>> +[run] End Main Method <<<<
2020-06-19 14:41:38,678 INFO  [btm.employee.management.main.MainApplication] >>>> +[run] START Main Method <<<<
2020-06-19 14:41:38,678 INFO  [btm.employee.management.main.MainApplication] >>>> +[run] START readAndsortFile Method <<<<
2020-06-19 14:41:38,695 INFO  [btm.employee.management.methods.Methods] >>>>>> +[generateEMPclasses] START <<<<<
2020-06-19 14:41:38,695 INFO  [btm.employee.management.methods.Methods] >>>>>> +[generateEMPclasses] END <<<<<
2020-06-19 14:41:38,695 INFO  [btm.employee.management.methods.Methods] >>>>>> +[generateEMPclasses] START <<<<<
2020-06-19 14:41:38,695 INFO  [btm.employee.management.methods.Methods] >>>>>> +[generateEMPclasses] END <<<<<
2020-06-19 14:41:38,696 INFO  [btm.employee.management.methods.Methods] >>>>>> +[generateEMPclasses] START <<<<<
2020-06-19 14:41:38,696 INFO  [btm.employee.management.methods.Methods] >>>>>> +[generateEMPclasses] END <<<<<
2020-06-19 14:41:38,696 INFO  [btm.employee.management.methods.Methods] >>>>>> +[generateEMPclasses] START <<<<<
2020-06-19 14:41:38,696 INFO  [btm.employee.management.methods.Methods] >>>>>> +[generateEMPclasses] END <<<<<
2020-06-19 14:41:38,696 INFO  [btm.employee.management.methods.Methods] >>>>>> +[generateEMPclasses] START <<<<<
2020-06-19 14:41:38,696 INFO  [btm.employee.management.methods.Methods] >>>>>> +[generateEMPclasses] END <<<<<
2020-06-19 14:41:38,696 INFO  [btm.employee.management.methods.Methods] >>>>>> +[generateEMPclasses] START <<<<<
2020-06-19 14:41:38,696 INFO  [btm.employee.management.methods.Methods] >>>>>> +[generateEMPclasses] END <<<<<
2020-06-19 14:41:38,697 INFO  [btm.employee.management.methods.Methods] >>>>>> +[generateEMPclasses] START <<<<<
2020-06-19 14:41:38,697 INFO  [btm.employee.management.methods.Methods] >>>>>> +[generateEMPclasses] END <<<<<
2020-06-19 14:41:38,697 INFO  [btm.employee.management.main.MainApplication] >>>> +[run] END readAndsortFile Method <<<<
2020-06-19 14:41:38,697 INFO  [btm.employee.management.main.MainApplication] >>>> +[run] START exportFails Method <<<<
2020-06-19 14:41:38,697 INFO  [btm.employee.management.main.MainApplication] >>>> +[run] END exportFails Method <<<<
2020-06-19 14:41:38,697 INFO  [btm.employee.management.main.MainApplication] >>>> +[run] START exportSuccess Method <<<<
2020-06-19 14:41:38,698 INFO  [btm.employee.management.main.MainApplication] >>>> +[run] START exportSuccess Method <<<<
2020-06-19 14:41:38,698 INFO  [btm.employee.management.main.MainApplication] >>>> +[run] End Main Method <<<<
2020-06-19 14:42:34,122 INFO  [btm.employee.management.main.MainApplication] >>>> +[run] START Main Method <<<<
2020-06-19 14:42:34,123 INFO  [btm.employee.management.main.MainApplication] >>>> +[run] START readAndsortFile Method <<<<
2020-06-19 14:42:34,139 INFO  [btm.employee.management.main.MainApplication] >>>> +[run] END readAndsortFile Method <<<<
2020-06-19 14:42:34,139 INFO  [btm.employee.management.main.MainApplication] >>>> +[run] START exportFails Method <<<<
2020-06-19 14:42:34,140 INFO  [btm.employee.management.main.MainApplication] >>>> +[run] END exportFails Method <<<<
2020-06-19 14:42:34,140 INFO  [btm.employee.management.main.MainApplication] >>>> +[run] START exportSuccess Method <<<<
2020-06-19 14:42:34,141 INFO  [btm.employee.management.main.MainApplication] >>>> +[run] START exportSuccess Method <<<<
2020-06-19 14:42:34,141 INFO  [btm.employee.management.main.MainApplication] >>>> +[run] End Main Method <<<<
2020-06-19 14:44:41,764 INFO  [btm.employee.management.main.MainApplication] >>>> +[run] START Main Method <<<<
2020-06-19 14:44:41,764 INFO  [btm.employee.management.main.MainApplication] >>>> +[run] START readAndsortFile Method <<<<
2020-06-19 14:44:41,782 INFO  [btm.employee.management.main.MainApplication] >>>> +[run] END readAndsortFile Method <<<<
2020-06-19 14:44:41,782 INFO  [btm.employee.management.main.MainApplication] >>>> +[run] START exportFails Method <<<<
2020-06-19 14:44:41,783 INFO  [btm.employee.management.main.MainApplication] >>>> +[run] END exportFails Method <<<<
2020-06-19 14:44:41,783 INFO  [btm.employee.management.main.MainApplication] >>>> +[run] START exportSuccess Method <<<<
2020-06-19 14:44:41,783 INFO  [btm.employee.management.main.MainApplication] >>>> +[run] START exportSuccess Method <<<<
2020-06-19 14:44:41,783 INFO  [btm.employee.management.main.MainApplication] >>>> +[run] End Main Method <<<<
2020-06-19 14:49:00,561 INFO  [btm.employee.management.main.MainApplication] >>>> +[run] START Main Method <<<<
2020-06-19 14:49:00,561 INFO  [btm.employee.management.main.MainApplication] >>>> +[run] START readAndsortFile Method <<<<
2020-06-19 14:49:00,578 INFO  [btm.employee.management.main.MainApplication] >>>> +[run] END readAndsortFile Method <<<<
2020-06-19 14:49:00,578 INFO  [btm.employee.management.main.MainApplication] >>>> +[run] START exportFails Method <<<<
2020-06-19 14:49:00,578 INFO  [btm.employee.management.main.MainApplication] >>>> +[run] END exportFails Method <<<<
2020-06-19 14:49:00,578 INFO  [btm.employee.management.main.MainApplication] >>>> +[run] START exportSuccess Method <<<<
2020-06-19 14:49:00,579 INFO  [btm.employee.management.main.MainApplication] >>>> +[run] START exportSuccess Method <<<<
2020-06-19 14:49:00,579 INFO  [btm.employee.management.main.MainApplication] >>>> +[run] End Main Method <<<<
2020-06-19 14:50:09,584 INFO  [btm.employee.management.main.MainApplication] >>>> +[run] START Main Method <<<<
2020-06-19 14:50:09,584 INFO  [btm.employee.management.main.MainApplication] >>>> +[run] START readAndsortFile Method <<<<
2020-06-19 14:50:09,600 INFO  [btm.employee.management.main.MainApplication] >>>> +[run] END readAndsortFile Method <<<<
2020-06-19 14:50:09,600 INFO  [btm.employee.management.main.MainApplication] >>>> +[run] START exportFails Method <<<<
2020-06-19 14:50:09,601 INFO  [btm.employee.management.main.MainApplication] >>>> +[run] END exportFails Method <<<<
2020-06-19 14:50:09,601 INFO  [btm.employee.management.main.MainApplication] >>>> +[run] START exportSuccess Method <<<<
2020-06-19 14:50:09,601 INFO  [btm.employee.management.main.MainApplication] >>>> +[run] START exportSuccess Method <<<<
2020-06-19 14:50:09,601 INFO  [btm.employee.management.main.MainApplication] >>>> +[run] End Main Method <<<<
2020-06-19 14:50:52,217 INFO  [btm.employee.management.main.MainApplication] >>>> +[run] START Main Method <<<<
2020-06-19 14:50:52,217 INFO  [btm.employee.management.main.MainApplication] >>>> +[run] START readAndsortFile Method <<<<
2020-06-19 14:50:52,233 INFO  [btm.employee.management.main.MainApplication] >>>> +[run] END readAndsortFile Method <<<<
2020-06-19 14:50:52,233 INFO  [btm.employee.management.main.MainApplication] >>>> +[run] START exportFails Method <<<<
2020-06-19 14:50:52,233 INFO  [btm.employee.management.main.MainApplication] >>>> +[run] END exportFails Method <<<<
2020-06-19 14:50:52,233 INFO  [btm.employee.management.main.MainApplication] >>>> +[run] START exportSuccess Method <<<<
2020-06-19 14:50:52,234 INFO  [btm.employee.management.main.MainApplication] >>>> +[run] START exportSuccess Method <<<<
2020-06-19 14:50:52,234 INFO  [btm.employee.management.main.MainApplication] >>>> +[run] End Main Method <<<<
2020-06-19 14:51:57,210 INFO  [btm.employee.management.main.MainApplication] >>>> +[run] START Main Method <<<<
2020-06-19 14:51:57,210 INFO  [btm.employee.management.main.MainApplication] >>>> +[run] START readAndsortFile Method <<<<
2020-06-19 14:51:57,231 INFO  [btm.employee.management.main.MainApplication] >>>> +[run] END readAndsortFile Method <<<<
2020-06-19 14:51:57,231 INFO  [btm.employee.management.main.MainApplication] >>>> +[run] START exportFails Method <<<<
2020-06-19 14:51:57,232 INFO  [btm.employee.management.main.MainApplication] >>>> +[run] END exportFails Method <<<<
2020-06-19 14:51:57,232 INFO  [btm.employee.management.main.MainApplication] >>>> +[run] START exportSuccess Method <<<<
2020-06-19 14:51:57,232 INFO  [btm.employee.management.main.MainApplication] >>>> +[run] START exportSuccess Method <<<<
2020-06-19 14:51:57,232 INFO  [btm.employee.management.main.MainApplication] >>>> +[run] End Main Method <<<<
2020-06-19 14:52:22,122 INFO  [btm.employee.management.main.MainApplication] >>>> +[run] START Main Method <<<<
2020-06-19 14:52:22,122 INFO  [btm.employee.management.main.MainApplication] >>>> +[run] START readAndsortFile Method <<<<
2020-06-19 14:52:22,140 INFO  [btm.employee.management.main.MainApplication] >>>> +[run] END readAndsortFile Method <<<<
2020-06-19 14:52:22,140 INFO  [btm.employee.management.main.MainApplication] >>>> +[run] START exportFails Method <<<<
2020-06-19 14:52:22,141 INFO  [btm.employee.management.main.MainApplication] >>>> +[run] END exportFails Method <<<<
2020-06-19 14:52:22,141 INFO  [btm.employee.management.main.MainApplication] >>>> +[run] START exportSuccess Method <<<<
2020-06-19 14:52:22,141 INFO  [btm.employee.management.main.MainApplication] >>>> +[run] START exportSuccess Method <<<<
2020-06-19 14:52:22,141 INFO  [btm.employee.management.main.MainApplication] >>>> +[run] End Main Method <<<<
2020-06-19 14:54:53,801 INFO  [btm.employee.management.main.MainApplication] >>>> +[run] START Main Method <<<<
2020-06-19 14:54:53,802 INFO  [btm.employee.management.main.MainApplication] >>>> +[run] START readAndsortFile Method <<<<
2020-06-19 14:54:53,819 INFO  [btm.employee.management.methods.Methods] >>>>>> +[generateEMPclasses] START <<<<<
2020-06-19 14:54:53,819 INFO  [btm.employee.management.methods.Methods] >>>>>> +[generateEMPclasses] END <<<<<
2020-06-19 14:54:53,820 INFO  [btm.employee.management.main.MainApplication] >>>> +[run] END readAndsortFile Method <<<<
2020-06-19 14:54:53,820 INFO  [btm.employee.management.main.MainApplication] >>>> +[run] START exportFails Method <<<<
2020-06-19 14:54:53,820 INFO  [btm.employee.management.main.MainApplication] >>>> +[run] END exportFails Method <<<<
2020-06-19 14:54:53,820 INFO  [btm.employee.management.main.MainApplication] >>>> +[run] START exportSuccess Method <<<<
2020-06-19 14:54:53,820 INFO  [btm.employee.management.main.MainApplication] >>>> +[run] START exportSuccess Method <<<<
2020-06-19 14:54:53,820 INFO  [btm.employee.management.main.MainApplication] >>>> +[run] End Main Method <<<<
2020-06-19 14:56:41,267 INFO  [btm.employee.management.main.MainApplication] >>>> +[run] START Main Method <<<<
2020-06-19 14:56:41,267 INFO  [btm.employee.management.main.MainApplication] >>>> +[run] START readAndsortFile Method <<<<
2020-06-19 14:56:41,285 INFO  [btm.employee.management.methods.Methods] >>>>>> +[generateEMPclasses] START <<<<<
2020-06-19 14:56:41,285 INFO  [btm.employee.management.methods.Methods] >>>>>> +[generateEMPclasses] END <<<<<
2020-06-19 14:56:41,286 INFO  [btm.employee.management.main.MainApplication] >>>> +[run] END readAndsortFile Method <<<<
2020-06-19 14:56:41,286 INFO  [btm.employee.management.main.MainApplication] >>>> +[run] START exportFails Method <<<<
2020-06-19 14:56:41,286 INFO  [btm.employee.management.main.MainApplication] >>>> +[run] END exportFails Method <<<<
2020-06-19 14:56:41,287 INFO  [btm.employee.management.main.MainApplication] >>>> +[run] START exportSuccess Method <<<<
2020-06-19 14:56:41,287 INFO  [btm.employee.management.main.MainApplication] >>>> +[run] START exportSuccess Method <<<<
2020-06-19 14:56:41,287 INFO  [btm.employee.management.main.MainApplication] >>>> +[run] End Main Method <<<<
2020-06-19 14:58:17,116 INFO  [btm.employee.management.main.MainApplication] >>>> +[run] START Main Method <<<<
2020-06-19 14:58:17,117 INFO  [btm.employee.management.main.MainApplication] >>>> +[run] START readAndsortFile Method <<<<
2020-06-19 14:58:17,135 INFO  [btm.employee.management.methods.Methods] >>>>>> +[generateEMPclasses] START <<<<<
2020-06-19 14:58:17,135 INFO  [btm.employee.management.methods.Methods] >>>>>> +[generateEMPclasses] END <<<<<
2020-06-19 14:58:17,136 INFO  [btm.employee.management.main.MainApplication] >>>> +[run] END readAndsortFile Method <<<<
2020-06-19 14:58:17,136 INFO  [btm.employee.management.main.MainApplication] >>>> +[run] START exportFails Method <<<<
2020-06-19 14:58:17,137 INFO  [btm.employee.management.main.MainApplication] >>>> +[run] END exportFails Method <<<<
2020-06-19 14:58:17,137 INFO  [btm.employee.management.main.MainApplication] >>>> +[run] START exportSuccess Method <<<<
2020-06-19 14:58:17,137 INFO  [btm.employee.management.main.MainApplication] >>>> +[run] START exportSuccess Method <<<<
2020-06-19 14:58:17,137 INFO  [btm.employee.management.main.MainApplication] >>>> +[run] End Main Method <<<<
2020-06-19 15:04:14,345 INFO  [btm.employee.management.main.MainApplication] >>>> +[run] START Main Method <<<<
2020-06-19 15:04:14,346 INFO  [btm.employee.management.main.MainApplication] >>>> +[run] START readAndsortFile Method <<<<
2020-06-19 15:04:14,365 INFO  [btm.employee.management.methods.Methods] >>>>>> +[generateEMPclasses] START <<<<<
2020-06-19 15:04:14,365 INFO  [btm.employee.management.methods.Methods] >>>>>> +[generateEMPclasses] END <<<<<
2020-06-19 15:04:14,366 INFO  [btm.employee.management.main.MainApplication] >>>> +[run] END readAndsortFile Method <<<<
2020-06-19 15:04:14,366 INFO  [btm.employee.management.main.MainApplication] >>>> +[run] START exportFails Method <<<<
2020-06-19 15:04:14,366 INFO  [btm.employee.management.main.MainApplication] >>>> +[run] END exportFails Method <<<<
2020-06-19 15:04:14,366 INFO  [btm.employee.management.main.MainApplication] >>>> +[run] START exportSuccess Method <<<<
2020-06-19 15:04:14,367 INFO  [btm.employee.management.main.MainApplication] >>>> +[run] START exportSuccess Method <<<<
2020-06-19 15:04:14,367 INFO  [btm.employee.management.main.MainApplication] >>>> +[run] End Main Method <<<<
2020-06-19 15:21:49,657 INFO  [btm.employee.management.main.MainApplication] >>>> +[run] START Main Method <<<<
2020-06-19 15:21:49,658 INFO  [btm.employee.management.main.MainApplication] >>>> +[run] START readAndsortFile Method <<<<
2020-06-19 15:21:49,679 INFO  [btm.employee.management.methods.Methods] >>>>>> +[generateEMPclasses] START <<<<<
2020-06-19 15:21:49,679 INFO  [btm.employee.management.methods.Methods] >>>>>> +[generateEMPclasses] END <<<<<
2020-06-19 15:21:49,680 INFO  [btm.employee.management.main.MainApplication] >>>> +[run] END readAndsortFile Method <<<<
2020-06-19 15:21:49,680 INFO  [btm.employee.management.main.MainApplication] >>>> +[run] START exportFails Method <<<<
2020-06-19 15:21:49,681 INFO  [btm.employee.management.main.MainApplication] >>>> +[run] END exportFails Method <<<<
2020-06-19 15:21:49,681 INFO  [btm.employee.management.main.MainApplication] >>>> +[run] START exportSuccess Method <<<<
2020-06-19 15:21:49,681 INFO  [btm.employee.management.main.MainApplication] >>>> +[run] START exportSuccess Method <<<<
2020-06-19 15:21:49,681 INFO  [btm.employee.management.main.MainApplication] >>>> +[run] End Main Method <<<<
2020-06-22 15:04:23,252 INFO  [btm.employee.management.main.MainApplication] >>>> +[run] START Main Method <<<<
2020-06-22 15:04:23,253 INFO  [btm.employee.management.main.MainApplication] >>>> +[run] START readAndsortFile Method <<<<
2020-06-22 15:04:23,346 INFO  [btm.employee.management.methods.Methods] >>>>>> +[generateEMPclasses] START <<<<<
2020-06-22 15:04:23,347 INFO  [btm.employee.management.methods.Methods] >>>>>> +[generateEMPclasses] END <<<<<
2020-06-22 15:04:23,347 INFO  [btm.employee.management.main.MainApplication] >>>> +[run] END readAndsortFile Method <<<<
2020-06-22 15:04:23,347 INFO  [btm.employee.management.main.MainApplication] >>>> +[run] START exportFails Method <<<<
2020-06-22 15:04:23,349 INFO  [btm.employee.management.main.MainApplication] >>>> +[run] END exportFails Method <<<<
2020-06-22 15:04:23,349 INFO  [btm.employee.management.main.MainApplication] >>>> +[run] START exportSuccess Method <<<<
2020-06-22 15:04:23,350 INFO  [btm.employee.management.main.MainApplication] >>>> +[run] START exportSuccess Method <<<<
2020-06-22 15:04:23,350 INFO  [btm.employee.management.main.MainApplication] >>>> +[run] End Main Method <<<<
2020-06-22 15:24:16,735 INFO  [btm.employee.management.main.MainApplication] >>>> +[run] START Main Method <<<<
2020-06-22 15:24:16,736 INFO  [btm.employee.management.main.MainApplication] >>>> +[run] START the Main application <<<<
2020-06-22 16:12:12,859 INFO  [btm.employee.management.main.MainApplication] >>>> +[run] START Main Method <<<<
2020-06-22 16:12:12,859 INFO  [btm.employee.management.main.MainApplication] >>>> +[run] START the Main application <<<<
2020-06-22 16:12:12,882 INFO  [btm.employee.management.methods.Methods] >>>>>> +[generateEMPclasses] START <<<<<
2020-06-22 16:12:12,882 INFO  [btm.employee.management.methods.Methods] >>>>>> +[generateEMPclasses] END <<<<<
2020-06-22 16:12:12,883 INFO  [btm.employee.management.methods.Methods] >>>>>> +[generateEMPclasses] START <<<<<
2020-06-22 16:12:12,883 INFO  [btm.employee.management.methods.Methods] >>>>>> +[generateEMPclasses] END <<<<<
2020-06-22 16:12:12,885 INFO  [btm.employee.management.main.MainApplication] >>>> +[run] End Main application <<<<
2020-06-24 09:18:54,150 INFO  [btm.employee.management.main.MainApplication] >>>> +[run] START Main Method <<<<
2020-06-24 09:18:54,151 INFO  [btm.employee.management.main.MainApplication] >>>> +[run] START the Main application <<<<
2020-06-24 09:18:54,211 INFO  [btm.employee.management.methods.Methods] >>>>>> +[generateEMPclasses] START <<<<<
2020-06-24 09:18:54,212 INFO  [btm.employee.management.methods.Methods] >>>>>> +[generateEMPclasses] END <<<<<
2020-06-24 09:18:54,213 INFO  [btm.employee.management.methods.Methods] >>>>>> +[generateEMPclasses] START <<<<<
2020-06-24 09:18:54,213 INFO  [btm.employee.management.methods.Methods] >>>>>> +[generateEMPclasses] END <<<<<
2020-06-24 09:18:54,214 INFO  [btm.employee.management.main.MainApplication] >>>> +[run] End Main application <<<<
2020-06-24 15:23:30,197 INFO  [btm.employee.management.main.MainApplication] >>>> +[run] START Main Method <<<<
2020-06-24 15:23:30,198 INFO  [btm.employee.management.main.MainApplication] >>>> +[run] START the Main application <<<<
2020-06-24 15:23:30,220 INFO  [btm.employee.management.methods.Methods] >>>>>> +[generateEMPclasses] START <<<<<
2020-06-24 15:23:30,221 INFO  [btm.employee.management.methods.Methods] >>>>>> +[generateEMPclasses] END <<<<<
2020-06-24 15:23:30,222 INFO  [btm.employee.management.methods.Methods] >>>>>> +[generateEMPclasses] START <<<<<
2020-06-24 15:23:30,222 INFO  [btm.employee.management.methods.Methods] >>>>>> +[generateEMPclasses] END <<<<<
2020-06-24 15:23:30,226 INFO  [btm.employee.management.main.MainApplication] >>>> +[run] End Main application <<<<
2020-06-24 15:33:13,669 INFO  [btm.employee.management.main.MainApplication] >>>> +[run] START Main Method <<<<
2020-06-24 15:33:13,670 INFO  [btm.employee.management.main.MainApplication] >>>> +[run] START the Main application <<<<
2020-06-24 15:33:13,692 INFO  [btm.employee.management.methods.Methods] >>>>>> +[generateEMPclasses] START <<<<<
2020-06-24 15:33:13,692 INFO  [btm.employee.management.methods.Methods] >>>>>> +[generateEMPclasses] END <<<<<
2020-06-24 15:33:13,693 INFO  [btm.employee.management.methods.Methods] >>>>>> +[generateEMPclasses] START <<<<<
2020-06-24 15:33:13,693 INFO  [btm.employee.management.methods.Methods] >>>>>> +[generateEMPclasses] END <<<<<
2020-06-24 15:33:13,695 INFO  [btm.employee.management.main.MainApplication] >>>> +[run] End Main application <<<<
2020-06-24 15:33:46,581 INFO  [btm.employee.management.main.MainApplication] >>>> +[run] START Main Method <<<<
2020-06-24 15:33:46,582 INFO  [btm.employee.management.main.MainApplication] >>>> +[run] START the Main application <<<<
2020-06-24 15:33:46,598 INFO  [btm.employee.management.methods.Methods] >>>>>> +[generateEMPclasses] START <<<<<
2020-06-24 15:33:46,599 INFO  [btm.employee.management.methods.Methods] >>>>>> +[generateEMPclasses] END <<<<<
2020-06-24 15:33:46,600 INFO  [btm.employee.management.methods.Methods] >>>>>> +[generateEMPclasses] START <<<<<
2020-06-24 15:33:46,600 INFO  [btm.employee.management.methods.Methods] >>>>>> +[generateEMPclasses] END <<<<<
2020-06-24 15:33:46,601 INFO  [btm.employee.management.main.MainApplication] >>>> +[run] End Main application <<<<
2020-06-24 15:51:59,788 INFO  [btm.employee.management.main.MainApplication] >>>> +[run] START Main Method <<<<
2020-06-24 15:51:59,789 INFO  [btm.employee.management.main.MainApplication] >>>> +[run] START the Main application <<<<
2020-06-24 15:51:59,828 INFO  [btm.employee.management.methods.Methods] >>>>>> +[generateEMPclasses] START <<<<<
2020-06-24 15:51:59,829 INFO  [btm.employee.management.methods.Methods] >>>>>> +[generateEMPclasses] END <<<<<
2020-06-24 15:51:59,830 INFO  [btm.employee.management.methods.Methods] >>>>>> +[generateEMPclasses] START <<<<<
2020-06-24 15:51:59,830 INFO  [btm.employee.management.methods.Methods] >>>>>> +[generateEMPclasses] END <<<<<
2020-06-24 15:57:44,722 INFO  [btm.employee.management.main.MainApplication] >>>> +[run] START Main Method <<<<
2020-06-24 15:57:44,722 INFO  [btm.employee.management.main.MainApplication] >>>> +[run] START the Main application <<<<
2020-06-24 15:57:44,749 INFO  [btm.employee.management.methods.Methods] >>>>>> +[generateEMPclasses] START <<<<<
2020-06-24 15:57:44,754 INFO  [btm.employee.management.methods.Methods] >>>>>> +[generateEMPclasses] END <<<<<
2020-06-24 15:57:44,756 INFO  [btm.employee.management.methods.Methods] >>>>>> +[generateEMPclasses] START <<<<<
2020-06-24 15:57:44,756 INFO  [btm.employee.management.methods.Methods] >>>>>> +[generateEMPclasses] END <<<<<
2020-06-24 15:57:58,598 INFO  [btm.employee.management.main.MainApplication] >>>> +[run] START Main Method <<<<
2020-06-24 15:57:58,598 INFO  [btm.employee.management.main.MainApplication] >>>> +[run] START the Main application <<<<
2020-06-24 15:57:58,626 INFO  [btm.employee.management.methods.Methods] >>>>>> +[generateEMPclasses] START <<<<<
2020-06-24 15:57:58,630 INFO  [btm.employee.management.methods.Methods] >>>>>> +[generateEMPclasses] END <<<<<
2020-06-24 15:57:58,632 INFO  [btm.employee.management.methods.Methods] >>>>>> +[generateEMPclasses] START <<<<<
2020-06-24 15:57:58,632 INFO  [btm.employee.management.methods.Methods] >>>>>> +[generateEMPclasses] END <<<<<
2020-06-24 15:58:07,967 INFO  [btm.employee.management.main.MainApplication] >>>> +[run] START Main Method <<<<
2020-06-24 15:58:07,968 INFO  [btm.employee.management.main.MainApplication] >>>> +[run] START the Main application <<<<
2020-06-24 15:58:07,996 INFO  [btm.employee.management.methods.Methods] >>>>>> +[generateEMPclasses] START <<<<<
2020-06-24 15:58:08,000 INFO  [btm.employee.management.methods.Methods] >>>>>> +[generateEMPclasses] END <<<<<
2020-06-24 15:58:08,001 INFO  [btm.employee.management.methods.Methods] >>>>>> +[generateEMPclasses] START <<<<<
2020-06-24 15:58:08,001 INFO  [btm.employee.management.methods.Methods] >>>>>> +[generateEMPclasses] END <<<<<
2020-06-24 15:58:38,183 INFO  [btm.employee.management.main.MainApplication] >>>> +[run] End Main application <<<<
2020-06-24 15:59:11,861 INFO  [btm.employee.management.main.MainApplication] >>>> +[run] START Main Method <<<<
2020-06-24 15:59:11,861 INFO  [btm.employee.management.main.MainApplication] >>>> +[run] START the Main application <<<<
2020-06-24 15:59:11,888 INFO  [btm.employee.management.methods.Methods] >>>>>> +[generateEMPclasses] START <<<<<
2020-06-24 15:59:11,896 INFO  [btm.employee.management.methods.Methods] >>>>>> +[generateEMPclasses] END <<<<<
2020-06-24 15:59:11,898 INFO  [btm.employee.management.methods.Methods] >>>>>> +[generateEMPclasses] START <<<<<
2020-06-24 15:59:11,898 INFO  [btm.employee.management.methods.Methods] >>>>>> +[generateEMPclasses] END <<<<<
2020-06-24 15:59:26,748 INFO  [btm.employee.management.main.MainApplication] >>>> +[run] End Main application <<<<
2020-06-24 15:59:37,304 INFO  [btm.employee.management.main.MainApplication] >>>> +[run] START Main Method <<<<
2020-06-24 15:59:37,304 INFO  [btm.employee.management.main.MainApplication] >>>> +[run] START the Main application <<<<
2020-06-24 15:59:37,334 INFO  [btm.employee.management.methods.Methods] >>>>>> +[generateEMPclasses] START <<<<<
2020-06-24 15:59:37,342 INFO  [btm.employee.management.methods.Methods] >>>>>> +[generateEMPclasses] END <<<<<
2020-06-24 15:59:37,343 INFO  [btm.employee.management.methods.Methods] >>>>>> +[generateEMPclasses] START <<<<<
2020-06-24 15:59:37,343 INFO  [btm.employee.management.methods.Methods] >>>>>> +[generateEMPclasses] END <<<<<
2020-06-24 16:00:32,504 INFO  [btm.employee.management.main.MainApplication] >>>> +[run] START Main Method <<<<
2020-06-24 16:00:32,504 INFO  [btm.employee.management.main.MainApplication] >>>> +[run] START the Main application <<<<
2020-06-24 16:00:32,536 INFO  [btm.employee.management.methods.Methods] >>>>>> +[generateEMPclasses] START <<<<<
2020-06-24 16:00:32,553 INFO  [btm.employee.management.methods.Methods] >>>>>> +[generateEMPclasses] END <<<<<
2020-06-24 16:00:32,555 INFO  [btm.employee.management.methods.Methods] >>>>>> +[generateEMPclasses] START <<<<<
2020-06-24 16:00:32,555 INFO  [btm.employee.management.methods.Methods] >>>>>> +[generateEMPclasses] END <<<<<
2020-06-24 16:00:41,228 INFO  [btm.employee.management.main.MainApplication] >>>> +[run] End Main application <<<<
2020-06-24 16:00:57,369 INFO  [btm.employee.management.main.MainApplication] >>>> +[run] START Main Method <<<<
2020-06-24 16:00:57,369 INFO  [btm.employee.management.main.MainApplication] >>>> +[run] START the Main application <<<<
2020-06-24 16:00:57,396 INFO  [btm.employee.management.methods.Methods] >>>>>> +[generateEMPclasses] START <<<<<
2020-06-24 16:00:57,401 INFO  [btm.employee.management.methods.Methods] >>>>>> +[generateEMPclasses] END <<<<<
2020-06-24 16:00:57,403 INFO  [btm.employee.management.methods.Methods] >>>>>> +[generateEMPclasses] START <<<<<
2020-06-24 16:00:57,403 INFO  [btm.employee.management.methods.Methods] >>>>>> +[generateEMPclasses] END <<<<<
2020-06-24 16:02:43,575 INFO  [btm.employee.management.main.MainApplication] >>>> +[run] START Main Method <<<<
2020-06-24 16:02:43,575 INFO  [btm.employee.management.main.MainApplication] >>>> +[run] START the Main application <<<<
2020-06-24 16:02:43,602 INFO  [btm.employee.management.methods.Methods] >>>>>> +[generateEMPclasses] START <<<<<
2020-06-24 16:02:43,608 INFO  [btm.employee.management.methods.Methods] >>>>>> +[generateEMPclasses] END <<<<<
2020-06-24 16:02:43,610 INFO  [btm.employee.management.methods.Methods] >>>>>> +[generateEMPclasses] START <<<<<
2020-06-24 16:02:43,610 INFO  [btm.employee.management.methods.Methods] >>>>>> +[generateEMPclasses] END <<<<<
2020-06-24 16:06:30,206 INFO  [btm.employee.management.main.MainApplication] >>>> +[run] START Main Method <<<<
2020-06-24 16:06:30,206 INFO  [btm.employee.management.main.MainApplication] >>>> +[run] START the Main application <<<<
2020-06-24 16:06:30,235 INFO  [btm.employee.management.methods.Methods] >>>>>> +[generateEMPclasses] START <<<<<
2020-06-24 16:06:30,241 INFO  [btm.employee.management.methods.Methods] >>>>>> +[generateEMPclasses] END <<<<<
2020-06-24 16:06:30,242 INFO  [btm.employee.management.methods.Methods] >>>>>> +[generateEMPclasses] START <<<<<
2020-06-24 16:06:30,243 INFO  [btm.employee.management.methods.Methods] >>>>>> +[generateEMPclasses] END <<<<<
2020-06-24 16:07:20,093 INFO  [btm.employee.management.main.MainApplication] >>>> +[run] START Main Method <<<<
2020-06-24 16:07:27,703 INFO  [btm.employee.management.main.MainApplication] >>>> +[run] START the Main application <<<<
2020-06-24 16:09:04,310 INFO  [btm.employee.management.methods.Methods] >>>>>> +[generateEMPclasses] START <<<<<
2020-06-24 16:09:04,319 INFO  [btm.employee.management.methods.Methods] >>>>>> +[generateEMPclasses] END <<<<<
2020-06-24 16:09:04,323 INFO  [btm.employee.management.methods.Methods] >>>>>> +[generateEMPclasses] START <<<<<
2020-06-24 16:09:04,323 INFO  [btm.employee.management.methods.Methods] >>>>>> +[generateEMPclasses] END <<<<<
2020-06-24 16:16:23,752 INFO  [btm.employee.management.main.MainApplication] >>>> +[run] START Main Method <<<<
2020-06-24 16:16:25,401 INFO  [btm.employee.management.main.MainApplication] >>>> +[run] START the Main application <<<<
2020-06-24 16:16:25,549 INFO  [btm.employee.management.methods.Methods] >>>>>> +[generateEMPclasses] START <<<<<
2020-06-24 16:16:25,558 INFO  [btm.employee.management.methods.Methods] >>>>>> +[generateEMPclasses] END <<<<<
2020-06-24 16:16:25,564 INFO  [btm.employee.management.methods.Methods] >>>>>> +[generateEMPclasses] START <<<<<
2020-06-24 16:16:25,564 INFO  [btm.employee.management.methods.Methods] >>>>>> +[generateEMPclasses] END <<<<<
2020-06-24 16:17:09,783 INFO  [btm.employee.management.main.MainApplication] >>>> +[run] End Main application <<<<
2020-06-26 10:04:26,300 INFO  [btm.employee.management.main.MainApplication] >>>> +[run] START Main Method <<<<
2020-06-26 10:04:26,305 INFO  [btm.employee.management.main.MainApplication] >>>> +[run] START the Main application <<<<
2020-06-26 10:04:26,326 INFO  [btm.employee.management.methods.Methods] >>>>>> +[generateEMPclasses] START <<<<<
2020-06-26 10:04:26,327 INFO  [btm.employee.management.methods.Methods] >>>>>> +[generateEMPclasses] END <<<<<
2020-06-26 10:04:26,328 INFO  [btm.employee.management.methods.Methods] >>>>>> +[generateEMPclasses] START <<<<<
2020-06-26 10:04:26,328 INFO  [btm.employee.management.methods.Methods] >>>>>> +[generateEMPclasses] END <<<<<
2020-06-26 10:04:26,342 INFO  [btm.employee.management.main.MainApplication] >>>> +[run] End Main application <<<<
2020-06-26 10:07:59,289 INFO  [btm.employee.management.main.MainApplication] >>>> +[run] START Main Method <<<<
2020-06-26 10:07:59,290 INFO  [btm.employee.management.main.MainApplication] >>>> +[run] START the Main application <<<<
2020-06-26 10:07:59,308 INFO  [btm.employee.management.methods.Methods] >>>>>> +[generateEMPclasses] START <<<<<
2020-06-26 10:07:59,308 INFO  [btm.employee.management.methods.Methods] >>>>>> +[generateEMPclasses] END <<<<<
2020-06-26 10:07:59,309 INFO  [btm.employee.management.methods.Methods] >>>>>> +[generateEMPclasses] START <<<<<
2020-06-26 10:07:59,309 INFO  [btm.employee.management.methods.Methods] >>>>>> +[generateEMPclasses] END <<<<<
2020-06-26 10:07:59,316 INFO  [btm.employee.management.main.MainApplication] >>>> +[run] End Main application <<<<
2020-06-26 10:11:22,836 INFO  [btm.employee.management.main.MainApplication] >>>> +[run] START Main Method <<<<
2020-06-26 10:11:22,837 INFO  [btm.employee.management.main.MainApplication] >>>> +[run] START the Main application <<<<
2020-06-26 10:11:22,855 INFO  [btm.employee.management.methods.Methods] >>>>>> +[generateEMPclasses] START <<<<<
2020-06-26 10:11:22,855 INFO  [btm.employee.management.methods.Methods] >>>>>> +[generateEMPclasses] END <<<<<
2020-06-26 10:11:22,856 INFO  [btm.employee.management.methods.Methods] >>>>>> +[generateEMPclasses] START <<<<<
2020-06-26 10:11:22,856 INFO  [btm.employee.management.methods.Methods] >>>>>> +[generateEMPclasses] END <<<<<
2020-06-26 10:11:22,863 INFO  [btm.employee.management.main.MainApplication] >>>> +[run] End Main application <<<<
2020-06-26 10:15:07,492 INFO  [btm.employee.management.main.MainApplication] >>>> +[run] START Main Method <<<<
2020-06-26 10:15:07,493 INFO  [btm.employee.management.main.MainApplication] >>>> +[run] START the Main application <<<<
2020-06-26 10:15:07,510 INFO  [btm.employee.management.methods.Methods] >>>>>> +[generateEMPclasses] START <<<<<
2020-06-26 10:15:07,511 INFO  [btm.employee.management.methods.Methods] >>>>>> +[generateEMPclasses] END <<<<<
2020-06-26 10:15:07,512 INFO  [btm.employee.management.methods.Methods] >>>>>> +[generateEMPclasses] START <<<<<
2020-06-26 10:15:07,512 INFO  [btm.employee.management.methods.Methods] >>>>>> +[generateEMPclasses] END <<<<<
2020-06-26 10:15:07,518 INFO  [btm.employee.management.main.MainApplication] >>>> +[run] End Main application <<<<
2020-06-26 10:15:21,196 INFO  [btm.employee.management.main.MainApplication] >>>> +[run] START Main Method <<<<
2020-06-26 10:15:21,196 INFO  [btm.employee.management.main.MainApplication] >>>> +[run] START the Main application <<<<
2020-06-26 10:15:21,213 INFO  [btm.employee.management.methods.Methods] >>>>>> +[generateEMPclasses] START <<<<<
2020-06-26 10:15:21,214 INFO  [btm.employee.management.methods.Methods] >>>>>> +[generateEMPclasses] END <<<<<
2020-06-26 10:15:21,215 INFO  [btm.employee.management.methods.Methods] >>>>>> +[generateEMPclasses] START <<<<<
2020-06-26 10:15:21,215 INFO  [btm.employee.management.methods.Methods] >>>>>> +[generateEMPclasses] END <<<<<
2020-06-26 10:15:21,221 INFO  [btm.employee.management.main.MainApplication] >>>> +[run] End Main application <<<<
2020-06-26 10:16:53,787 INFO  [btm.employee.management.main.MainApplication] >>>> +[run] START Main Method <<<<
2020-06-26 10:16:53,787 INFO  [btm.employee.management.main.MainApplication] >>>> +[run] START the Main application <<<<
2020-06-26 10:16:53,805 INFO  [btm.employee.management.methods.Methods] >>>>>> +[generateEMPclasses] START <<<<<
2020-06-26 10:16:53,805 INFO  [btm.employee.management.methods.Methods] >>>>>> +[generateEMPclasses] END <<<<<
2020-06-26 10:16:53,806 INFO  [btm.employee.management.methods.Methods] >>>>>> +[generateEMPclasses] START <<<<<
2020-06-26 10:16:53,806 INFO  [btm.employee.management.methods.Methods] >>>>>> +[generateEMPclasses] END <<<<<
2020-06-26 10:16:53,812 INFO  [btm.employee.management.main.MainApplication] >>>> +[run] End Main application <<<<
2020-06-26 10:17:24,126 INFO  [btm.employee.management.main.MainApplication] >>>> +[run] START Main Method <<<<
2020-06-26 10:17:24,126 INFO  [btm.employee.management.main.MainApplication] >>>> +[run] START the Main application <<<<
2020-06-26 10:17:24,143 INFO  [btm.employee.management.methods.Methods] >>>>>> +[generateEMPclasses] START <<<<<
2020-06-26 10:17:24,143 INFO  [btm.employee.management.methods.Methods] >>>>>> +[generateEMPclasses] END <<<<<
2020-06-26 10:17:24,144 INFO  [btm.employee.management.methods.Methods] >>>>>> +[generateEMPclasses] START <<<<<
2020-06-26 10:17:24,144 INFO  [btm.employee.management.methods.Methods] >>>>>> +[generateEMPclasses] END <<<<<
2020-06-26 10:17:24,151 INFO  [btm.employee.management.main.MainApplication] >>>> +[run] End Main application <<<<
2020-06-26 10:18:04,956 INFO  [btm.employee.management.main.MainApplication] >>>> +[run] START Main Method <<<<
2020-06-26 10:18:04,956 INFO  [btm.employee.management.main.MainApplication] >>>> +[run] START the Main application <<<<
2020-06-26 10:18:04,973 INFO  [btm.employee.management.methods.Methods] >>>>>> +[generateEMPclasses] START <<<<<
2020-06-26 10:18:04,973 INFO  [btm.employee.management.methods.Methods] >>>>>> +[generateEMPclasses] END <<<<<
2020-06-26 10:18:04,974 INFO  [btm.employee.management.methods.Methods] >>>>>> +[generateEMPclasses] START <<<<<
2020-06-26 10:18:04,974 INFO  [btm.employee.management.methods.Methods] >>>>>> +[generateEMPclasses] END <<<<<
2020-06-26 10:18:04,982 INFO  [btm.employee.management.main.MainApplication] >>>> +[run] End Main application <<<<
2020-06-26 10:19:14,438 INFO  [btm.employee.management.main.MainApplication] >>>> +[run] START Main Method <<<<
2020-06-26 10:19:14,438 INFO  [btm.employee.management.main.MainApplication] >>>> +[run] START the Main application <<<<
2020-06-26 10:19:14,456 INFO  [btm.employee.management.methods.Methods] >>>>>> +[generateEMPclasses] START <<<<<
2020-06-26 10:19:14,456 INFO  [btm.employee.management.methods.Methods] >>>>>> +[generateEMPclasses] END <<<<<
2020-06-26 10:19:14,457 INFO  [btm.employee.management.methods.Methods] >>>>>> +[generateEMPclasses] START <<<<<
2020-06-26 10:19:14,457 INFO  [btm.employee.management.methods.Methods] >>>>>> +[generateEMPclasses] END <<<<<
2020-06-26 10:19:14,464 INFO  [btm.employee.management.main.MainApplication] >>>> +[run] End Main application <<<<
2020-06-26 10:23:59,307 INFO  [btm.employee.management.main.MainApplication] >>>> +[run] START Main Method <<<<
2020-06-26 10:23:59,307 INFO  [btm.employee.management.main.MainApplication] >>>> +[run] START the Main application <<<<
2020-06-26 10:23:59,325 INFO  [btm.employee.management.methods.Methods] >>>>>> +[generateEMPclasses] START <<<<<
2020-06-26 10:23:59,325 INFO  [btm.employee.management.methods.Methods] >>>>>> +[generateEMPclasses] END <<<<<
2020-06-26 10:23:59,327 INFO  [btm.employee.management.methods.Methods] >>>>>> +[generateEMPclasses] START <<<<<
2020-06-26 10:23:59,327 INFO  [btm.employee.management.methods.Methods] >>>>>> +[generateEMPclasses] END <<<<<
2020-06-26 10:23:59,335 INFO  [btm.employee.management.main.MainApplication] >>>> +[run] End Main application <<<<
2020-06-26 10:27:56,774 INFO  [btm.employee.management.main.MainApplication] >>>> +[run] START Main Method <<<<
2020-06-26 10:27:56,774 INFO  [btm.employee.management.main.MainApplication] >>>> +[run] START the Main application <<<<
2020-06-26 10:27:56,791 INFO  [btm.employee.management.methods.Methods] >>>>>> +[generateEMPclasses] START <<<<<
2020-06-26 10:27:56,791 INFO  [btm.employee.management.methods.Methods] >>>>>> +[generateEMPclasses] END <<<<<
2020-06-26 10:27:56,792 INFO  [btm.employee.management.methods.Methods] >>>>>> +[generateEMPclasses] START <<<<<
2020-06-26 10:27:56,793 INFO  [btm.employee.management.methods.Methods] >>>>>> +[generateEMPclasses] END <<<<<
2020-06-26 10:27:56,800 INFO  [btm.employee.management.main.MainApplication] >>>> +[run] End Main application <<<<
2020-06-26 10:42:13,620 INFO  [btm.employee.management.main.MainApplication] >>>> +[run] START Main Method <<<<
2020-06-26 10:42:13,620 INFO  [btm.employee.management.main.MainApplication] >>>> +[run] START the Main application <<<<
2020-06-26 10:42:13,637 INFO  [btm.employee.management.methods.Methods] >>>>>> +[generateEMPclasses] START <<<<<
2020-06-26 10:42:13,638 INFO  [btm.employee.management.methods.Methods] >>>>>> +[generateEMPclasses] END <<<<<
2020-06-26 10:42:13,639 INFO  [btm.employee.management.methods.Methods] >>>>>> +[generateEMPclasses] START <<<<<
2020-06-26 10:42:13,639 INFO  [btm.employee.management.methods.Methods] >>>>>> +[generateEMPclasses] END <<<<<
2020-06-26 10:42:13,646 INFO  [btm.employee.management.main.MainApplication] >>>> +[run] End Main application <<<<
2020-06-26 10:43:56,621 INFO  [btm.employee.management.main.MainApplication] >>>> +[run] START Main Method <<<<
2020-06-26 10:43:56,621 INFO  [btm.employee.management.main.MainApplication] >>>> +[run] START the Main application <<<<
2020-06-26 10:43:56,638 INFO  [btm.employee.management.methods.Methods] >>>>>> +[generateEMPclasses] START <<<<<
2020-06-26 10:43:56,639 INFO  [btm.employee.management.methods.Methods] >>>>>> +[generateEMPclasses] END <<<<<
2020-06-26 10:43:56,640 INFO  [btm.employee.management.methods.Methods] >>>>>> +[generateEMPclasses] START <<<<<
2020-06-26 10:43:56,640 INFO  [btm.employee.management.methods.Methods] >>>>>> +[generateEMPclasses] END <<<<<
2020-06-26 10:44:18,770 INFO  [btm.employee.management.main.MainApplication] >>>> +[run] START Main Method <<<<
2020-06-26 10:44:18,770 INFO  [btm.employee.management.main.MainApplication] >>>> +[run] START the Main application <<<<
2020-06-26 10:44:18,787 INFO  [btm.employee.management.methods.Methods] >>>>>> +[generateEMPclasses] START <<<<<
2020-06-26 10:44:18,787 INFO  [btm.employee.management.methods.Methods] >>>>>> +[generateEMPclasses] END <<<<<
2020-06-26 10:44:18,788 INFO  [btm.employee.management.methods.Methods] >>>>>> +[generateEMPclasses] START <<<<<
2020-06-26 10:44:18,788 INFO  [btm.employee.management.methods.Methods] >>>>>> +[generateEMPclasses] END <<<<<
2020-06-26 10:44:54,918 INFO  [btm.employee.management.main.MainApplication] >>>> +[run] START Main Method <<<<
2020-06-26 10:44:54,918 INFO  [btm.employee.management.main.MainApplication] >>>> +[run] START the Main application <<<<
2020-06-26 10:44:54,937 INFO  [btm.employee.management.methods.Methods] >>>>>> +[generateEMPclasses] START <<<<<
2020-06-26 10:44:54,937 INFO  [btm.employee.management.methods.Methods] >>>>>> +[generateEMPclasses] END <<<<<
2020-06-26 10:44:54,938 INFO  [btm.employee.management.methods.Methods] >>>>>> +[generateEMPclasses] START <<<<<
2020-06-26 10:44:54,938 INFO  [btm.employee.management.methods.Methods] >>>>>> +[generateEMPclasses] END <<<<<
2020-06-26 10:44:54,946 INFO  [btm.employee.management.main.MainApplication] >>>> +[run] End Main application <<<<
2020-06-26 10:58:52,685 INFO  [btm.employee.management.main.MainApplication] >>>> +[run] START Main Method <<<<
2020-06-26 10:58:52,685 INFO  [btm.employee.management.main.MainApplication] >>>> +[run] START the Main application <<<<
2020-06-26 10:58:52,702 INFO  [btm.employee.management.methods.Methods] >>>>>> +[generateEMPclasses] START <<<<<
2020-06-26 10:58:52,703 INFO  [btm.employee.management.methods.Methods] >>>>>> +[generateEMPclasses] END <<<<<
2020-06-26 10:58:52,704 INFO  [btm.employee.management.methods.Methods] >>>>>> +[generateEMPclasses] START <<<<<
2020-06-26 10:58:52,704 INFO  [btm.employee.management.methods.Methods] >>>>>> +[generateEMPclasses] END <<<<<
2020-06-26 10:58:52,711 INFO  [btm.employee.management.main.MainApplication] >>>> +[run] End Main application <<<<
2020-06-26 10:59:07,779 INFO  [btm.employee.management.main.MainApplication] >>>> +[run] START Main Method <<<<
2020-06-26 10:59:07,780 INFO  [btm.employee.management.main.MainApplication] >>>> +[run] START the Main application <<<<
2020-06-26 10:59:07,802 INFO  [btm.employee.management.methods.Methods] >>>>>> +[generateEMPclasses] START <<<<<
2020-06-26 10:59:07,803 INFO  [btm.employee.management.methods.Methods] >>>>>> +[generateEMPclasses] END <<<<<
2020-06-26 10:59:07,804 INFO  [btm.employee.management.methods.Methods] >>>>>> +[generateEMPclasses] START <<<<<
2020-06-26 10:59:07,804 INFO  [btm.employee.management.methods.Methods] >>>>>> +[generateEMPclasses] END <<<<<
2020-06-26 10:59:07,811 INFO  [btm.employee.management.main.MainApplication] >>>> +[run] End Main application <<<<
2020-06-26 13:23:39,517 INFO  [btm.employee.management.main.MainApplication] >>>> +[run] START Main Method <<<<
2020-06-26 13:23:39,521 INFO  [btm.employee.management.main.MainApplication] >>>> +[run] START the Main application <<<<
2020-06-26 13:23:39,562 INFO  [btm.employee.management.methods.Methods] >>>>>> +[generateEMPclasses] START <<<<<
2020-06-26 13:23:39,562 INFO  [btm.employee.management.methods.Methods] >>>>>> +[generateEMPclasses] END <<<<<
2020-06-26 13:23:39,563 INFO  [btm.employee.management.methods.Methods] >>>>>> +[generateEMPclasses] START <<<<<
2020-06-26 13:23:39,563 INFO  [btm.employee.management.methods.Methods] >>>>>> +[generateEMPclasses] END <<<<<
2020-06-26 13:23:39,571 INFO  [btm.employee.management.main.MainApplication] >>>> +[run] End Main application <<<<
